<?xml version="1.0" encoding="UTF-8"?>
<testsuite name="FooTest" tests="1" skipped="0" failures="0" errors="0" timestamp="2015-11-10T19:00:56" hostname="Holgers-MacBook-Pro-2.local" time="0.048">
  <properties/>
  <testcase name="foo gives bar" classname="FooTest" time="0.048"/>
  <system-out><![CDATA[]]></system-out>
  <system-err><![CDATA[]]></system-err>
</testsuite>
